d:\projekty\direct2d\engine\engine\x64\debug\vc140.pdb
d:\projekty\direct2d\engine\engine\x64\debug\vc140.idb
d:\projekty\direct2d\engine\engine\x64\debug\building.nativecodeanalysis.xml
d:\projekty\direct2d\engine\engine\x64\debug\city.nativecodeanalysis.xml
d:\projekty\direct2d\engine\engine\x64\debug\comcenter.nativecodeanalysis.xml
d:\projekty\direct2d\engine\engine\x64\debug\commander.nativecodeanalysis.xml
d:\projekty\direct2d\engine\engine\x64\debug\d2dclass.nativecodeanalysis.xml
d:\projekty\direct2d\engine\engine\x64\debug\employee.nativecodeanalysis.xml
d:\projekty\direct2d\engine\engine\x64\debug\engineer.nativecodeanalysis.xml
d:\projekty\direct2d\engine\engine\x64\debug\factory.nativecodeanalysis.xml
d:\projekty\direct2d\engine\engine\x64\debug\family.nativecodeanalysis.xml
d:\projekty\direct2d\engine\engine\x64\debug\graphicsclass.nativecodeanalysis.xml
d:\projekty\direct2d\engine\engine\x64\debug\object.nativecodeanalysis.xml
d:\projekty\direct2d\engine\engine\x64\debug\inputclass.nativecodeanalysis.xml
d:\projekty\direct2d\engine\engine\x64\debug\main.nativecodeanalysis.xml
d:\projekty\direct2d\engine\engine\x64\debug\quadtreesystem.nativecodeanalysis.xml
d:\projekty\direct2d\engine\engine\x64\debug\soldier.nativecodeanalysis.xml
d:\projekty\direct2d\engine\engine\x64\debug\sparks.nativecodeanalysis.xml
d:\projekty\direct2d\engine\engine\x64\debug\squad.nativecodeanalysis.xml
d:\projekty\direct2d\engine\engine\x64\debug\systemclass.nativecodeanalysis.xml
d:\projekty\direct2d\engine\engine\x64\debug\timerclass.nativecodeanalysis.xml
d:\projekty\direct2d\engine\engine\x64\debug\unit.nativecodeanalysis.xml
d:\projekty\direct2d\engine\engine\x64\debug\unit.obj
d:\projekty\direct2d\engine\engine\x64\debug\timerclass.obj
d:\projekty\direct2d\engine\engine\x64\debug\systemclass.obj
d:\projekty\direct2d\engine\engine\x64\debug\squad.obj
d:\projekty\direct2d\engine\engine\x64\debug\sparks.obj
d:\projekty\direct2d\engine\engine\x64\debug\soldier.obj
d:\projekty\direct2d\engine\engine\x64\debug\quadtreesystem.obj
d:\projekty\direct2d\engine\engine\x64\debug\main.obj
d:\projekty\direct2d\engine\engine\x64\debug\inputclass.obj
d:\projekty\direct2d\engine\engine\x64\debug\object.obj
d:\projekty\direct2d\engine\engine\x64\debug\graphicsclass.obj
d:\projekty\direct2d\engine\engine\x64\debug\family.obj
d:\projekty\direct2d\engine\engine\x64\debug\factory.obj
d:\projekty\direct2d\engine\engine\x64\debug\engineer.obj
d:\projekty\direct2d\engine\engine\x64\debug\employee.obj
d:\projekty\direct2d\engine\engine\x64\debug\d2dclass.obj
d:\projekty\direct2d\engine\engine\x64\debug\commander.obj
d:\projekty\direct2d\engine\engine\x64\debug\comcenter.obj
d:\projekty\direct2d\engine\engine\x64\debug\city.obj
d:\projekty\direct2d\engine\engine\x64\debug\building.obj
d:\projekty\direct2d\engine\x64\debug\engine.ilk
d:\projekty\direct2d\engine\x64\debug\engine.exe
d:\projekty\direct2d\engine\x64\debug\engine.pdb
d:\projekty\direct2d\engine\engine\x64\debug\nativecodeanalysis.read.1.tlog
d:\projekty\direct2d\engine\engine\x64\debug\vc.nativecodeanalysis.all.xml
d:\projekty\direct2d\engine\x64\debug\engine.exe.lastcodeanalysissucceeded
d:\projekty\direct2d\engine\engine\x64\debug\engine.tlog\cl.command.1.tlog
d:\projekty\direct2d\engine\engine\x64\debug\engine.tlog\cl.read.1.tlog
d:\projekty\direct2d\engine\engine\x64\debug\engine.tlog\cl.write.1.tlog
d:\projekty\direct2d\engine\engine\x64\debug\engine.tlog\link.command.1.tlog
d:\projekty\direct2d\engine\engine\x64\debug\engine.tlog\link.read.1.tlog
d:\projekty\direct2d\engine\engine\x64\debug\engine.tlog\link.write.1.tlog
