  building.cpp
  city.cpp
city.cpp(400): warning C4244: '+=': conversion from 'FLOAT' to 'LONG', possible loss of data
city.cpp(401): warning C4244: '-=': conversion from 'FLOAT' to 'LONG', possible loss of data
city.cpp(436): warning C4244: '+=': conversion from 'FLOAT' to 'LONG', possible loss of data
city.cpp(437): warning C4244: '-=': conversion from 'FLOAT' to 'LONG', possible loss of data
city.cpp(475): warning C4244: '+=': conversion from 'FLOAT' to 'LONG', possible loss of data
city.cpp(476): warning C4244: '-=': conversion from 'FLOAT' to 'LONG', possible loss of data
city.cpp(511): warning C4244: '+=': conversion from 'FLOAT' to 'LONG', possible loss of data
city.cpp(512): warning C4244: '-=': conversion from 'FLOAT' to 'LONG', possible loss of data
city.cpp(659): warning C4244: '=': conversion from 'FLOAT' to 'LONG', possible loss of data
city.cpp(660): warning C4244: '=': conversion from 'FLOAT' to 'LONG', possible loss of data
city.cpp(661): warning C4800: 'int': forcing value to bool 'true' or 'false' (performance warning)
city.cpp(671): warning C4244: '=': conversion from 'FLOAT' to 'LONG', possible loss of data
city.cpp(672): warning C4244: '=': conversion from 'FLOAT' to 'LONG', possible loss of data
city.cpp(676): warning C4244: '=': conversion from 'FLOAT' to 'LONG', possible loss of data
city.cpp(677): warning C4244: '=': conversion from 'FLOAT' to 'LONG', possible loss of data
city.cpp(702): warning C4244: '=': conversion from 'FLOAT' to 'LONG', possible loss of data
city.cpp(703): warning C4244: '=': conversion from 'FLOAT' to 'LONG', possible loss of data
city.cpp(704): warning C4800: 'int': forcing value to bool 'true' or 'false' (performance warning)
city.cpp(713): warning C4244: '=': conversion from 'FLOAT' to 'LONG', possible loss of data
city.cpp(714): warning C4244: '=': conversion from 'FLOAT' to 'LONG', possible loss of data
city.cpp(718): warning C4244: '=': conversion from 'FLOAT' to 'LONG', possible loss of data
city.cpp(719): warning C4244: '=': conversion from 'FLOAT' to 'LONG', possible loss of data
city.cpp(746): warning C4244: '=': conversion from 'FLOAT' to 'LONG', possible loss of data
city.cpp(747): warning C4244: '=': conversion from 'FLOAT' to 'LONG', possible loss of data
city.cpp(748): warning C4800: 'int': forcing value to bool 'true' or 'false' (performance warning)
city.cpp(757): warning C4244: '=': conversion from 'FLOAT' to 'LONG', possible loss of data
city.cpp(758): warning C4244: '=': conversion from 'FLOAT' to 'LONG', possible loss of data
city.cpp(762): warning C4244: '=': conversion from 'FLOAT' to 'LONG', possible loss of data
city.cpp(763): warning C4244: '=': conversion from 'FLOAT' to 'LONG', possible loss of data
city.cpp(787): warning C4244: '=': conversion from 'FLOAT' to 'LONG', possible loss of data
city.cpp(788): warning C4244: '=': conversion from 'FLOAT' to 'LONG', possible loss of data
city.cpp(789): warning C4800: 'int': forcing value to bool 'true' or 'false' (performance warning)
city.cpp(799): warning C4244: '=': conversion from 'FLOAT' to 'LONG', possible loss of data
city.cpp(800): warning C4244: '=': conversion from 'FLOAT' to 'LONG', possible loss of data
city.cpp(804): warning C4244: '=': conversion from 'FLOAT' to 'LONG', possible loss of data
city.cpp(805): warning C4244: '=': conversion from 'FLOAT' to 'LONG', possible loss of data
city.cpp(827): warning C4244: 'argument': conversion from 'LONG' to 'FLOAT', possible loss of data
city.cpp(846): warning C4244: 'argument': conversion from 'LONG' to 'FLOAT', possible loss of data
city.cpp(846): warning C4244: 'argument': conversion from 'int' to 'FLOAT', possible loss of data
city.cpp(847): warning C4244: 'argument': conversion from 'LONG' to 'FLOAT', possible loss of data
city.cpp(848): warning C4244: 'argument': conversion from 'LONG' to 'FLOAT', possible loss of data
city.cpp(850): warning C4244: 'argument': conversion from 'LONG' to 'FLOAT', possible loss of data
city.cpp(850): warning C4244: 'argument': conversion from 'int' to 'FLOAT', possible loss of data
city.cpp(851): warning C4244: 'argument': conversion from 'LONG' to 'FLOAT', possible loss of data
city.cpp(851): warning C4244: 'argument': conversion from 'int' to 'FLOAT', possible loss of data
  ComCenter.cpp
  Commander.cpp
  Employee.cpp
  Engineer.cpp
Engineer.cpp(5): warning C4553: '==': operator has no effect; did you intend '='?
  Factory.cpp
Factory.cpp(21): warning C4244: '=': conversion from 'double' to 'int', possible loss of data
Factory.cpp(54): warning C4244: '=': conversion from 'double' to 'int', possible loss of data
Factory.cpp(55): warning C4244: '*=': conversion from 'double' to 'int', possible loss of data
  graphicsclass.cpp
graphicsclass.cpp(197): warning C4244: '=': conversion from 'double' to 'FLOAT', possible loss of data
graphicsclass.cpp(198): warning C4244: '=': conversion from 'double' to 'FLOAT', possible loss of data
graphicsclass.cpp(199): warning C4244: '=': conversion from 'double' to 'FLOAT', possible loss of data
graphicsclass.cpp(200): warning C4244: '=': conversion from 'double' to 'FLOAT', possible loss of data
graphicsclass.cpp(202): warning C4244: '=': conversion from 'double' to 'FLOAT', possible loss of data
graphicsclass.cpp(203): warning C4244: '=': conversion from 'double' to 'FLOAT', possible loss of data
graphicsclass.cpp(204): warning C4244: '=': conversion from 'double' to 'FLOAT', possible loss of data
graphicsclass.cpp(205): warning C4244: '=': conversion from 'double' to 'FLOAT', possible loss of data
graphicsclass.cpp(207): warning C4244: '=': conversion from 'double' to 'FLOAT', possible loss of data
graphicsclass.cpp(208): warning C4244: '=': conversion from 'double' to 'FLOAT', possible loss of data
graphicsclass.cpp(270): warning C4244: '=': conversion from 'UINT32' to 'FLOAT', possible loss of data
graphicsclass.cpp(271): warning C4244: '=': conversion from 'UINT32' to 'FLOAT', possible loss of data
graphicsclass.cpp(274): warning C4244: 'argument': conversion from 'double' to 'FLOAT', possible loss of data
graphicsclass.cpp(276): warning C4244: 'argument': conversion from 'LONG' to 'FLOAT', possible loss of data
graphicsclass.cpp(280): warning C4244: 'argument': conversion from 'UINT32' to 'FLOAT', possible loss of data
graphicsclass.cpp(421): warning C4244: 'argument': conversion from 'UINT32' to 'FLOAT', possible loss of data
graphicsclass.cpp(427): warning C4101: 'rcDraw': unreferenced local variable
graphicsclass.cpp(494): warning C4244: '=': conversion from 'UINT32' to 'FLOAT', possible loss of data
graphicsclass.cpp(495): warning C4244: '=': conversion from 'UINT32' to 'FLOAT', possible loss of data
graphicsclass.cpp(496): warning C4244: '=': conversion from 'double' to 'FLOAT', possible loss of data
graphicsclass.cpp(497): warning C4244: '=': conversion from 'double' to 'FLOAT', possible loss of data
graphicsclass.cpp(498): warning C4244: '=': conversion from 'UINT32' to 'FLOAT', possible loss of data
graphicsclass.cpp(499): warning C4244: '=': conversion from 'double' to 'FLOAT', possible loss of data
graphicsclass.cpp(502): warning C4244: 'argument': conversion from 'double' to 'FLOAT', possible loss of data
graphicsclass.cpp(502): warning C4244: 'argument': conversion from 'UINT32' to 'FLOAT', possible loss of data
graphicsclass.cpp(514): warning C4244: '=': conversion from 'UINT32' to 'FLOAT', possible loss of data
graphicsclass.cpp(515): warning C4244: '=': conversion from 'UINT32' to 'FLOAT', possible loss of data
graphicsclass.cpp(516): warning C4244: '=': conversion from 'double' to 'FLOAT', possible loss of data
graphicsclass.cpp(517): warning C4244: '=': conversion from 'double' to 'FLOAT', possible loss of data
graphicsclass.cpp(518): warning C4244: '=': conversion from 'UINT32' to 'FLOAT', possible loss of data
graphicsclass.cpp(519): warning C4244: '=': conversion from 'UINT32' to 'FLOAT', possible loss of data
graphicsclass.cpp(522): warning C4244: 'argument': conversion from 'double' to 'FLOAT', possible loss of data
graphicsclass.cpp(533): warning C4244: 'argument': conversion from 'int' to 'FLOAT', possible loss of data
graphicsclass.cpp(552): warning C4244: '=': conversion from 'double' to 'FLOAT', possible loss of data
graphicsclass.cpp(613): warning C4244: 'initializing': conversion from 'double' to 'int', possible loss of data
graphicsclass.cpp(615): warning C4244: '=': conversion from 'int' to 'FLOAT', possible loss of data
graphicsclass.cpp(616): warning C4244: '=': conversion from 'double' to 'int', possible loss of data
graphicsclass.cpp(618): warning C4244: '=': conversion from 'int' to 'FLOAT', possible loss of data
graphicsclass.cpp(634): warning C4244: '=': conversion from 'double' to 'FLOAT', possible loss of data
graphicsclass.cpp(635): warning C4244: '=': conversion from 'double' to 'FLOAT', possible loss of data
graphicsclass.cpp(636): warning C4244: '=': conversion from 'double' to 'FLOAT', possible loss of data
graphicsclass.cpp(637): warning C4244: '=': conversion from 'double' to 'FLOAT', possible loss of data
  object.cpp
  main.cpp
main.cpp(10): warning C4244: 'argument': conversion from 'time_t' to 'unsigned int', possible loss of data
  QuadTreeSystem.cpp
QuadTreeSystem.cpp(7): warning C4101: 'Buffor': unreferenced local variable
QuadTreeSystem.cpp(366): warning C4018: '<': signed/unsigned mismatch
QuadTreeSystem.cpp(424): warning C4018: '<': signed/unsigned mismatch
QuadTreeSystem.cpp(1387): warning C4018: '<': signed/unsigned mismatch
QuadTreeSystem.cpp(1389): warning C4018: '<': signed/unsigned mismatch
QuadTreeSystem.cpp(1448): warning C4244: '=': conversion from 'UINT32' to 'FLOAT', possible loss of data
QuadTreeSystem.cpp(1449): warning C4244: '=': conversion from 'UINT32' to 'FLOAT', possible loss of data
QuadTreeSystem.cpp(1450): warning C4244: '=': conversion from 'UINT32' to 'FLOAT', possible loss of data
QuadTreeSystem.cpp(1451): warning C4244: '=': conversion from 'UINT32' to 'FLOAT', possible loss of data
QuadTreeSystem.cpp(1521): warning C4018: '<': signed/unsigned mismatch
  Soldier.cpp
Soldier.cpp(28): warning C4244: 'initializing': conversion from 'double' to 'int', possible loss of data
Soldier.cpp(38): warning C4244: 'initializing': conversion from 'double' to 'int', possible loss of data
Soldier.cpp(72): warning C4244: 'initializing': conversion from 'double' to 'int', possible loss of data
Soldier.cpp(82): warning C4244: 'initializing': conversion from 'double' to 'int', possible loss of data
Soldier.cpp(107): warning C4018: '<': signed/unsigned mismatch
Soldier.cpp(146): warning C4244: '=': conversion from 'double' to 'int', possible loss of data
Soldier.cpp(176): warning C4244: 'argument': conversion from 'double' to 'FLOAT', possible loss of data
Soldier.cpp(180): warning C4244: 'initializing': conversion from 'double' to 'float', possible loss of data
  Sparks.cpp
Sparks.cpp(38): warning C4244: 'argument': conversion from 'double' to 'FLOAT', possible loss of data
Sparks.cpp(40): warning C4244: 'argument': conversion from 'double' to 'FLOAT', possible loss of data
Sparks.cpp(55): warning C4244: 'argument': conversion from 'double' to 'FLOAT', possible loss of data
Sparks.cpp(62): warning C4244: 'argument': conversion from 'double' to 'FLOAT', possible loss of data
Sparks.cpp(67): warning C4244: 'argument': conversion from 'int' to 'FLOAT', possible loss of data
Sparks.cpp(72): warning C4244: 'argument': conversion from 'double' to 'FLOAT', possible loss of data
  Squad.cpp
Squad.cpp(15): warning C4244: 'initializing': conversion from 'double' to 'float', possible loss of data
Squad.cpp(16): warning C4244: '=': conversion from 'double' to 'int', possible loss of data
Squad.cpp(18): warning C4244: 'initializing': conversion from 'double' to 'float', possible loss of data
  systemclass.cpp
systemclass.cpp(210): warning C4244: 'argument': conversion from 'float' to 'int', possible loss of data
systemclass.cpp(213): warning C4244: 'argument': conversion from 'float' to 'int', possible loss of data
systemclass.cpp(253): warning C4244: '+=': conversion from 'float' to 'unsigned int', possible loss of data
systemclass.cpp(275): warning C4244: 'argument': conversion from 'float' to 'int', possible loss of data
systemclass.cpp(312): warning C4244: 'initializing': conversion from 'double' to 'float', possible loss of data
systemclass.cpp(331): warning C4244: '*=': conversion from 'double' to 'int', possible loss of data
systemclass.cpp(332): warning C4244: '*=': conversion from 'double' to 'int', possible loss of data
systemclass.cpp(336): warning C4244: 'initializing': conversion from 'double' to 'int', possible loss of data
systemclass.cpp(339): warning C4244: '=': conversion from 'double' to 'LONG', possible loss of data
systemclass.cpp(342): warning C4244: '=': conversion from 'double' to 'int', possible loss of data
systemclass.cpp(345): warning C4244: '=': conversion from 'double' to 'LONG', possible loss of data
systemclass.cpp(349): warning C4244: '=': conversion from 'double' to 'int', possible loss of data
systemclass.cpp(350): warning C4018: '>': signed/unsigned mismatch
systemclass.cpp(352): warning C4244: '=': conversion from 'double' to 'LONG', possible loss of data
systemclass.cpp(355): warning C4244: '=': conversion from 'double' to 'int', possible loss of data
systemclass.cpp(356): warning C4018: '>': signed/unsigned mismatch
systemclass.cpp(358): warning C4244: '=': conversion from 'double' to 'LONG', possible loss of data
systemclass.cpp(381): warning C4244: 'argument': conversion from 'int' to 'FLOAT', possible loss of data
systemclass.cpp(403): warning C4244: 'argument': conversion from 'double' to 'FLOAT', possible loss of data
systemclass.cpp(446): warning C4244: 'initializing': conversion from 'double' to 'int', possible loss of data
systemclass.cpp(451): warning C4244: '=': conversion from 'double' to 'int', possible loss of data
systemclass.cpp(452): warning C4244: '=': conversion from 'double' to 'int', possible loss of data
systemclass.cpp(459): warning C4244: '=': conversion from 'double' to 'int', possible loss of data
systemclass.cpp(460): warning C4018: '>': signed/unsigned mismatch
systemclass.cpp(462): warning C4244: '=': conversion from 'double' to 'LONG', possible loss of data
systemclass.cpp(465): warning C4244: '=': conversion from 'double' to 'int', possible loss of data
systemclass.cpp(466): warning C4018: '>': signed/unsigned mismatch
systemclass.cpp(468): warning C4244: '=': conversion from 'double' to 'LONG', possible loss of data
systemclass.cpp(611): warning C4244: '=': conversion from 'double' to 'FLOAT', possible loss of data
systemclass.cpp(612): warning C4244: '=': conversion from 'double' to 'FLOAT', possible loss of data
systemclass.cpp(613): warning C4244: '=': conversion from 'double' to 'FLOAT', possible loss of data
systemclass.cpp(614): warning C4244: '=': conversion from 'double' to 'FLOAT', possible loss of data
systemclass.cpp(626): warning C4244: '=': conversion from 'double' to 'FLOAT', possible loss of data
systemclass.cpp(627): warning C4244: '=': conversion from 'double' to 'FLOAT', possible loss of data
systemclass.cpp(628): warning C4244: '=': conversion from 'double' to 'FLOAT', possible loss of data
systemclass.cpp(629): warning C4244: '=': conversion from 'double' to 'FLOAT', possible loss of data
systemclass.cpp(641): warning C4244: '=': conversion from 'double' to 'FLOAT', possible loss of data
systemclass.cpp(642): warning C4244: '=': conversion from 'double' to 'FLOAT', possible loss of data
systemclass.cpp(643): warning C4244: '=': conversion from 'double' to 'FLOAT', possible loss of data
systemclass.cpp(644): warning C4244: '=': conversion from 'double' to 'FLOAT', possible loss of data
systemclass.cpp(656): warning C4244: '=': conversion from 'double' to 'FLOAT', possible loss of data
systemclass.cpp(657): warning C4244: '=': conversion from 'double' to 'FLOAT', possible loss of data
systemclass.cpp(658): warning C4244: '=': conversion from 'double' to 'FLOAT', possible loss of data
systemclass.cpp(659): warning C4244: '=': conversion from 'double' to 'FLOAT', possible loss of data
systemclass.cpp(675): warning C4244: '=': conversion from 'double' to 'FLOAT', possible loss of data
systemclass.cpp(676): warning C4244: '=': conversion from 'double' to 'FLOAT', possible loss of data
systemclass.cpp(677): warning C4244: '=': conversion from 'double' to 'FLOAT', possible loss of data
systemclass.cpp(678): warning C4244: '=': conversion from 'double' to 'FLOAT', possible loss of data
systemclass.cpp(692): warning C4244: '=': conversion from 'double' to 'FLOAT', possible loss of data
systemclass.cpp(693): warning C4244: '=': conversion from 'double' to 'FLOAT', possible loss of data
systemclass.cpp(694): warning C4244: '=': conversion from 'double' to 'FLOAT', possible loss of data
systemclass.cpp(695): warning C4244: '=': conversion from 'double' to 'FLOAT', possible loss of data
systemclass.cpp(714): warning C4244: 'argument': conversion from 'FLOAT' to 'INT32', possible loss of data
systemclass.cpp(731): warning C4244: 'argument': conversion from 'double' to 'FLOAT', possible loss of data
systemclass.cpp(805): warning C4244: '=': conversion from 'double' to 'FLOAT', possible loss of data
systemclass.cpp(806): warning C4244: '=': conversion from 'double' to 'FLOAT', possible loss of data
systemclass.cpp(832): warning C4244: 'argument': conversion from 'int' to 'FLOAT', possible loss of data
systemclass.cpp(849): warning C4244: 'argument': conversion from 'int' to 'FLOAT', possible loss of data
  unit.cpp
unit.cpp(41): warning C4244: '=': conversion from 'double' to 'int', possible loss of data
unit.cpp(58): warning C4244: '=': conversion from 'double' to 'FLOAT', possible loss of data
unit.cpp(59): warning C4244: '=': conversion from 'double' to 'FLOAT', possible loss of data
unit.cpp(64): warning C4244: '=': conversion from 'double' to 'FLOAT', possible loss of data
unit.cpp(65): warning C4244: '=': conversion from 'double' to 'FLOAT', possible loss of data
unit.cpp(72): warning C4244: '=': conversion from 'double' to 'FLOAT', possible loss of data
unit.cpp(73): warning C4244: '=': conversion from 'double' to 'FLOAT', possible loss of data
unit.cpp(92): warning C4244: '=': conversion from 'double' to 'int', possible loss of data
unit.cpp(112): warning C4244: '=': conversion from 'double' to 'int', possible loss of data
unit.cpp(124): warning C4244: '+=': conversion from 'double' to 'FLOAT', possible loss of data
unit.cpp(125): warning C4244: '+=': conversion from 'double' to 'FLOAT', possible loss of data
unit.cpp(133): warning C4244: '=': conversion from 'double' to 'FLOAT', possible loss of data
unit.cpp(134): warning C4244: '=': conversion from 'double' to 'FLOAT', possible loss of data
unit.cpp(141): warning C4244: '+=': conversion from 'double' to 'FLOAT', possible loss of data
unit.cpp(142): warning C4244: '+=': conversion from 'double' to 'FLOAT', possible loss of data
unit.cpp(144): warning C4244: '=': conversion from 'double' to 'int', possible loss of data
unit.cpp(147): warning C4244: '+=': conversion from 'double' to 'FLOAT', possible loss of data
unit.cpp(148): warning C4244: '+=': conversion from 'double' to 'FLOAT', possible loss of data
unit.cpp(150): warning C4244: '+=': conversion from 'double' to 'FLOAT', possible loss of data
unit.cpp(151): warning C4244: '+=': conversion from 'double' to 'FLOAT', possible loss of data
unit.cpp(156): warning C4305: '/=': truncation from 'double' to 'FLOAT'
unit.cpp(157): warning C4305: '/=': truncation from 'double' to 'FLOAT'
unit.cpp(168): warning C4244: '=': conversion from 'double' to 'float', possible loss of data
unit.cpp(185): warning C4244: '=': conversion from 'double' to 'FLOAT', possible loss of data
unit.cpp(186): warning C4244: '=': conversion from 'double' to 'FLOAT', possible loss of data
  Generating code
  90 of 192 functions (46.9%) were compiled, the rest were copied from previous compilation.
    45 functions were new in current compilation
    5 functions had inline decision re-evaluated but remain unchanged
  Finished generating code
  Engine.vcxproj -> D:\Projekty\Direct2D\Engine\x64\Release\Engine.exe
